app/build/intermediates/manifest_merge_blame_file/release/manifest-merger-blame-release-report.txt
1<?xml version="1.0" encoding="utf-8"?>
2<manifest xmlns:android="http://schemas.android.com/apk/res/android"
3    package="org.example.mapptracking"
4    android:versionCode="1"
5    android:versionName="0.2" >
6
7    <uses-sdk
8        android:minSdkVersion="29"
9        android:targetSdkVersion="33" />
10
11    <uses-permission android:name="android.permission.INTERNET" />
11-->src\main\AndroidManifest.xml:7:5-67
11-->src\main\AndroidManifest.xml:7:22-64
12    <uses-permission android:name="android.permission.CAMERA" />
12-->src\main\AndroidManifest.xml:8:5-65
12-->src\main\AndroidManifest.xml:8:22-62
13    <uses-permission android:name="android.permission.FLASHLIGHT" />
13-->src\main\AndroidManifest.xml:9:5-69
13-->src\main\AndroidManifest.xml:9:22-66
14    <uses-permission android:name="android.permission.BLUETOOTH_CONNECT" />
14-->src\main\AndroidManifest.xml:10:5-76
14-->src\main\AndroidManifest.xml:10:22-73
15    <uses-permission
15-->src\main\AndroidManifest.xml:11:5-73
16        android:name="android.permission.BLUETOOTH_SCAN"
16-->src\main\AndroidManifest.xml:11:22-70
17        android:usesPermissionFlags="neverForLocation" />
17-->[com.bradyid:BradySdk:1.4.4] AndroidManifest.xml:22:9-55
18    <uses-permission android:name="android.permission.ACCESS_FINE_LOCATION" />
18-->src\main\AndroidManifest.xml:12:5-79
18-->src\main\AndroidManifest.xml:12:22-76
19    <uses-permission
19-->src\main\AndroidManifest.xml:13:5-68
20        android:name="android.permission.BLUETOOTH"
20-->src\main\AndroidManifest.xml:13:22-65
21        android:maxSdkVersion="30" />
21-->[com.polidea.rxandroidble2:rxandroidble:1.16.0] AndroidManifest.xml:12:9-35
22
23    <uses-feature
23-->src\main\AndroidManifest.xml:15:5-17:36
24        android:name="android.hardware.bluetooth"
24-->src\main\AndroidManifest.xml:16:9-50
25        android:required="false" />
25-->src\main\AndroidManifest.xml:17:9-33
26    <uses-feature
26-->src\main\AndroidManifest.xml:18:5-20:36
27        android:name="android.hardware.bluetooth_le"
27-->src\main\AndroidManifest.xml:19:9-53
28        android:required="false" />
28-->src\main\AndroidManifest.xml:20:9-33
29    <uses-feature
29-->src\main\AndroidManifest.xml:21:5-23:36
30        android:name="android.hardware.camera"
30-->src\main\AndroidManifest.xml:22:9-47
31        android:required="false" />
31-->src\main\AndroidManifest.xml:23:9-33
32
33    <uses-permission android:name="android.permission.WRITE_EXTERNAL_STORAGE" />
33-->[com.bradyid:BradySdk:1.4.4] AndroidManifest.xml:10:5-12:40
33-->[com.bradyid:BradySdk:1.4.4] AndroidManifest.xml:11:9-65
34    <uses-permission
34-->[com.bradyid:BradySdk:1.4.4] AndroidManifest.xml:13:5-15:38
35        android:name="android.permission.READ_EXTERNAL_STORAGE"
35-->[com.bradyid:BradySdk:1.4.4] AndroidManifest.xml:14:9-64
36        android:maxSdkVersion="32" />
36-->[com.bradyid:BradySdk:1.4.4] AndroidManifest.xml:15:9-35
37    <uses-permission android:name="android.permission.CHANGE_WIFI_MULTICAST_STATE" />
37-->[com.bradyid:BradySdk:1.4.4] AndroidManifest.xml:16:5-86
37-->[com.bradyid:BradySdk:1.4.4] AndroidManifest.xml:16:22-83
38    <uses-permission
38-->[com.bradyid:BradySdk:1.4.4] AndroidManifest.xml:18:5-74
39        android:name="android.permission.BLUETOOTH_ADMIN"
39-->[com.bradyid:BradySdk:1.4.4] AndroidManifest.xml:18:22-71
40        android:maxSdkVersion="30" />
40-->[com.polidea.rxandroidble2:rxandroidble:1.16.0] AndroidManifest.xml:15:9-35
41    <uses-permission android:name="android.permission.ACCESS_COARSE_LOCATION" /> <!-- Required by older versions of Google Play services to create GCM registration tokens -->
41-->[com.bradyid:BradySdk:1.4.4] AndroidManifest.xml:25:5-81
41-->[com.bradyid:BradySdk:1.4.4] AndroidManifest.xml:25:22-78
42    <uses-permission android:name="com.google.android.c2dm.permission.RECEIVE" />
42-->[com.google.android.gms:play-services-gcm:17.0.0] AndroidManifest.xml:23:5-82
42-->[com.google.android.gms:play-services-gcm:17.0.0] AndroidManifest.xml:23:22-79
43
44    <permission
44-->[androidx.core:core:1.9.0] AndroidManifest.xml:22:5-24:47
45        android:name="org.example.mapptracking.DYNAMIC_RECEIVER_NOT_EXPORTED_PERMISSION"
45-->[androidx.core:core:1.9.0] AndroidManifest.xml:23:9-81
46        android:protectionLevel="signature" />
46-->[androidx.core:core:1.9.0] AndroidManifest.xml:24:9-44
47
48    <uses-permission android:name="org.example.mapptracking.DYNAMIC_RECEIVER_NOT_EXPORTED_PERMISSION" />
48-->[androidx.core:core:1.9.0] AndroidManifest.xml:26:5-97
48-->[androidx.core:core:1.9.0] AndroidManifest.xml:26:22-94
49    <uses-permission android:name="android.permission.REORDER_TASKS" />
49-->[androidx.test:core:1.5.0] AndroidManifest.xml:24:5-72
49-->[androidx.test:core:1.5.0] AndroidManifest.xml:24:22-69
50
51    <queries>
51-->[androidx.test:runner:1.5.2] AndroidManifest.xml:24:5-28:15
52        <package android:name="androidx.test.orchestrator" />
52-->[androidx.test:runner:1.5.2] AndroidManifest.xml:25:9-62
52-->[androidx.test:runner:1.5.2] AndroidManifest.xml:25:18-59
53        <package android:name="androidx.test.services" />
53-->[androidx.test:runner:1.5.2] AndroidManifest.xml:26:9-58
53-->[androidx.test:runner:1.5.2] AndroidManifest.xml:26:18-55
54        <package android:name="com.google.android.apps.common.testing.services" />
54-->[androidx.test:runner:1.5.2] AndroidManifest.xml:27:9-83
54-->[androidx.test:runner:1.5.2] AndroidManifest.xml:27:18-80
55    </queries> <!-- required for API 23 - 30, no android:maxSdkVersion because of a potential breaking change -->
56    <!-- TODO: add android:maxSdkVersion on 2.0.0 -->
57    <uses-permission-sdk-23 android:name="android.permission.ACCESS_COARSE_LOCATION" />
57-->[com.polidea.rxandroidble2:rxandroidble:1.16.0] AndroidManifest.xml:18:5-88
57-->[com.polidea.rxandroidble2:rxandroidble:1.16.0] AndroidManifest.xml:18:29-85
58    <uses-permission-sdk-23 android:name="android.permission.ACCESS_FINE_LOCATION" /> <!-- Although the *SdkVersion is captured in gradle build files, this is required for non gradle builds -->
58-->[com.polidea.rxandroidble2:rxandroidble:1.16.0] AndroidManifest.xml:19:5-86
58-->[com.polidea.rxandroidble2:rxandroidble:1.16.0] AndroidManifest.xml:19:29-83
59    <!-- <uses-sdk android:minSdkVersion="14"/> -->
60    <uses-permission android:name="android.permission.ACCESS_NETWORK_STATE" />
60-->[com.google.android.datatransport:transport-backend-cct:2.3.3] AndroidManifest.xml:25:5-79
60-->[com.google.android.datatransport:transport-backend-cct:2.3.3] AndroidManifest.xml:25:22-76
61
62    <application
62-->src\main\AndroidManifest.xml:25:5-77:19
63        android:allowBackup="true"
63-->src\main\AndroidManifest.xml:27:9-35
64        android:appComponentFactory="androidx.core.app.CoreComponentFactory"
64-->[androidx.core:core:1.9.0] AndroidManifest.xml:28:18-86
65        android:configChanges="orientation|screenSize|screenLayout|keyboardHidden"
65-->src\main\AndroidManifest.xml:28:9-83
66        android:dataExtractionRules="@xml/data_extraction_rules"
66-->src\main\AndroidManifest.xml:29:9-65
67        android:extractNativeLibs="false"
68        android:fullBackupContent="@xml/backup_rules"
68-->src\main\AndroidManifest.xml:30:9-54
69        android:icon="@mipmap/ic_launcher"
69-->src\main\AndroidManifest.xml:31:9-43
70        android:label="@string/app_name"
70-->src\main\AndroidManifest.xml:32:9-41
71        android:networkSecurityConfig="@xml/network_security_config"
71-->src\main\AndroidManifest.xml:33:9-69
72        android:roundIcon="@mipmap/ic_launcher_round"
72-->src\main\AndroidManifest.xml:34:9-54
73        android:supportsRtl="true"
73-->src\main\AndroidManifest.xml:35:9-35
74        android:theme="@style/Theme.DBGITracking"
74-->src\main\AndroidManifest.xml:36:9-50
75        android:usesCleartextTraffic="true" >
75-->src\main\AndroidManifest.xml:26:9-44
76        <activity
76-->src\main\AndroidManifest.xml:38:9-41:40
77            android:name="org.example.mapptracking.PrintActivity"
77-->src\main\AndroidManifest.xml:39:13-66
78            android:configChanges="orientation|screenSize|screenLayout|keyboardHidden"
78-->src\main\AndroidManifest.xml:40:13-87
79            android:exported="false" />
79-->src\main\AndroidManifest.xml:41:13-37
80        <activity
80-->src\main\AndroidManifest.xml:42:9-45:40
81            android:name="org.example.mapptracking.SampleActivity"
81-->src\main\AndroidManifest.xml:43:13-67
82            android:configChanges="orientation|screenSize|screenLayout|keyboardHidden"
82-->src\main\AndroidManifest.xml:44:13-87
83            android:exported="false" />
83-->src\main\AndroidManifest.xml:45:13-37
84        <activity
84-->src\main\AndroidManifest.xml:46:9-49:40
85            android:name="org.example.mapptracking.HomePageActivity"
85-->src\main\AndroidManifest.xml:47:13-69
86            android:configChanges="orientation|screenSize|screenLayout|keyboardHidden"
86-->src\main\AndroidManifest.xml:48:13-87
87            android:exported="false" />
87-->src\main\AndroidManifest.xml:49:13-37
88        <activity
88-->src\main\AndroidManifest.xml:50:9-53:40
89            android:name="org.example.mapptracking.WaitConnectionActivity"
89-->src\main\AndroidManifest.xml:51:13-75
90            android:configChanges="orientation|screenSize|screenLayout|keyboardHidden"
90-->src\main\AndroidManifest.xml:52:13-87
91            android:exported="false" />
91-->src\main\AndroidManifest.xml:53:13-37
92        <activity
92-->src\main\AndroidManifest.xml:54:9-57:40
93            android:name="org.example.mapptracking.ManagePrinterActivity"
93-->src\main\AndroidManifest.xml:55:13-74
94            android:configChanges="orientation|screenSize|screenLayout|keyboardHidden"
94-->src\main\AndroidManifest.xml:56:13-87
95            android:exported="false" />
95-->src\main\AndroidManifest.xml:57:13-37
96        <activity
96-->src\main\AndroidManifest.xml:58:9-61:40
97            android:name="org.example.mapptracking.PrinterConnectActivity"
97-->src\main\AndroidManifest.xml:59:13-75
98            android:configChanges="orientation|screenSize|screenLayout|keyboardHidden"
98-->src\main\AndroidManifest.xml:60:13-87
99            android:exported="false" />
99-->src\main\AndroidManifest.xml:61:13-37
100        <activity
100-->src\main\AndroidManifest.xml:62:9-65:40
101            android:name="org.example.mapptracking.PermissionsActivity"
101-->src\main\AndroidManifest.xml:63:13-72
102            android:configChanges="orientation|screenSize|screenLayout|keyboardHidden"
102-->src\main\AndroidManifest.xml:64:13-87
103            android:exported="false" />
103-->src\main\AndroidManifest.xml:65:13-37
104        <activity
104-->src\main\AndroidManifest.xml:66:9-75:20
105            android:name="org.example.mapptracking.ConnectionActivity"
105-->src\main\AndroidManifest.xml:67:13-71
106            android:configChanges="orientation|screenSize|screenLayout|keyboardHidden"
106-->src\main\AndroidManifest.xml:68:13-87
107            android:exported="true" >
107-->src\main\AndroidManifest.xml:69:13-36
108            <intent-filter>
108-->src\main\AndroidManifest.xml:70:13-74:29
109                <action android:name="android.intent.action.MAIN" />
109-->src\main\AndroidManifest.xml:71:17-69
109-->src\main\AndroidManifest.xml:71:25-66
110
111                <category android:name="android.intent.category.LAUNCHER" />
111-->src\main\AndroidManifest.xml:73:17-77
111-->src\main\AndroidManifest.xml:73:27-74
112            </intent-filter>
113        </activity>
114
115        <service
115-->[androidx.camera:camera-camera2:1.3.0] AndroidManifest.xml:24:9-33:19
116            android:name="androidx.camera.core.impl.MetadataHolderService"
116-->[androidx.camera:camera-camera2:1.3.0] AndroidManifest.xml:25:13-75
117            android:enabled="false"
117-->[androidx.camera:camera-camera2:1.3.0] AndroidManifest.xml:26:13-36
118            android:exported="false" >
118-->[androidx.camera:camera-camera2:1.3.0] AndroidManifest.xml:27:13-37
119            <meta-data
119-->[androidx.camera:camera-camera2:1.3.0] AndroidManifest.xml:30:13-32:89
120                android:name="androidx.camera.core.impl.MetadataHolderService.DEFAULT_CONFIG_PROVIDER"
120-->[androidx.camera:camera-camera2:1.3.0] AndroidManifest.xml:31:17-103
121                android:value="androidx.camera.camera2.Camera2Config$DefaultProvider" />
121-->[androidx.camera:camera-camera2:1.3.0] AndroidManifest.xml:32:17-86
122        </service>
123        <service
123-->[com.google.android.gms:play-services-mlkit-barcode-scanning:18.3.0] AndroidManifest.xml:9:9-15:19
124            android:name="com.google.mlkit.common.internal.MlKitComponentDiscoveryService"
124-->[com.google.android.gms:play-services-mlkit-barcode-scanning:18.3.0] AndroidManifest.xml:10:13-91
125            android:directBootAware="true"
125-->[com.google.mlkit:common:18.9.0] AndroidManifest.xml:17:13-43
126            android:exported="false" >
126-->[com.google.android.gms:play-services-mlkit-barcode-scanning:18.3.0] AndroidManifest.xml:11:13-37
127            <meta-data
127-->[com.google.android.gms:play-services-mlkit-barcode-scanning:18.3.0] AndroidManifest.xml:12:13-14:85
128                android:name="com.google.firebase.components:com.google.mlkit.vision.barcode.internal.BarcodeRegistrar"
128-->[com.google.android.gms:play-services-mlkit-barcode-scanning:18.3.0] AndroidManifest.xml:13:17-120
129                android:value="com.google.firebase.components.ComponentRegistrar" />
129-->[com.google.android.gms:play-services-mlkit-barcode-scanning:18.3.0] AndroidManifest.xml:14:17-82
130            <meta-data
130-->[com.google.mlkit:vision-common:17.3.0] AndroidManifest.xml:12:13-14:85
131                android:name="com.google.firebase.components:com.google.mlkit.vision.common.internal.VisionCommonRegistrar"
131-->[com.google.mlkit:vision-common:17.3.0] AndroidManifest.xml:13:17-124
132                android:value="com.google.firebase.components.ComponentRegistrar" />
132-->[com.google.mlkit:vision-common:17.3.0] AndroidManifest.xml:14:17-82
133            <meta-data
133-->[com.google.mlkit:common:18.9.0] AndroidManifest.xml:20:13-22:85
134                android:name="com.google.firebase.components:com.google.mlkit.common.internal.CommonComponentRegistrar"
134-->[com.google.mlkit:common:18.9.0] AndroidManifest.xml:21:17-120
135                android:value="com.google.firebase.components.ComponentRegistrar" />
135-->[com.google.mlkit:common:18.9.0] AndroidManifest.xml:22:17-82
136        </service>
137
138        <provider
138-->[com.google.mlkit:common:18.9.0] AndroidManifest.xml:9:9-13:38
139            android:name="com.google.mlkit.common.internal.MlKitInitProvider"
139-->[com.google.mlkit:common:18.9.0] AndroidManifest.xml:10:13-78
140            android:authorities="org.example.mapptracking.mlkitinitprovider"
140-->[com.google.mlkit:common:18.9.0] AndroidManifest.xml:11:13-69
141            android:exported="false"
141-->[com.google.mlkit:common:18.9.0] AndroidManifest.xml:12:13-37
142            android:initOrder="99" />
142-->[com.google.mlkit:common:18.9.0] AndroidManifest.xml:13:13-35
143
144        <activity
144-->[com.google.android.gms:play-services-base:18.1.0] AndroidManifest.xml:20:9-22:45
145            android:name="com.google.android.gms.common.api.GoogleApiActivity"
145-->[com.google.android.gms:play-services-base:18.1.0] AndroidManifest.xml:20:19-85
146            android:exported="false"
146-->[com.google.android.gms:play-services-base:18.1.0] AndroidManifest.xml:22:19-43
147            android:theme="@android:style/Theme.Translucent.NoTitleBar" />
147-->[com.google.android.gms:play-services-base:18.1.0] AndroidManifest.xml:21:19-78
148
149        <meta-data
149-->[com.google.android.gms:play-services-basement:18.1.0] AndroidManifest.xml:21:9-23:69
150            android:name="com.google.android.gms.version"
150-->[com.google.android.gms:play-services-basement:18.1.0] AndroidManifest.xml:22:13-58
151            android:value="@integer/google_play_services_version" />
151-->[com.google.android.gms:play-services-basement:18.1.0] AndroidManifest.xml:23:13-66
152
153        <provider
153-->[androidx.emoji2:emoji2:1.2.0] AndroidManifest.xml:24:9-32:20
154            android:name="androidx.startup.InitializationProvider"
154-->[androidx.emoji2:emoji2:1.2.0] AndroidManifest.xml:25:13-67
155            android:authorities="org.example.mapptracking.androidx-startup"
155-->[androidx.emoji2:emoji2:1.2.0] AndroidManifest.xml:26:13-68
156            android:exported="false" >
156-->[androidx.emoji2:emoji2:1.2.0] AndroidManifest.xml:27:13-37
157            <meta-data
157-->[androidx.emoji2:emoji2:1.2.0] AndroidManifest.xml:29:13-31:52
158                android:name="androidx.emoji2.text.EmojiCompatInitializer"
158-->[androidx.emoji2:emoji2:1.2.0] AndroidManifest.xml:30:17-75
159                android:value="androidx.startup" />
159-->[androidx.emoji2:emoji2:1.2.0] AndroidManifest.xml:31:17-49
160            <meta-data
160-->[androidx.lifecycle:lifecycle-process:2.4.1] AndroidManifest.xml:31:13-33:52
161                android:name="androidx.lifecycle.ProcessLifecycleInitializer"
161-->[androidx.lifecycle:lifecycle-process:2.4.1] AndroidManifest.xml:32:17-78
162                android:value="androidx.startup" />
162-->[androidx.lifecycle:lifecycle-process:2.4.1] AndroidManifest.xml:33:17-49
163        </provider>
164
165        <activity
165-->[androidx.test:core:1.5.0] AndroidManifest.xml:27:9-34:20
166            android:name="androidx.test.core.app.InstrumentationActivityInvoker$BootstrapActivity"
166-->[androidx.test:core:1.5.0] AndroidManifest.xml:28:13-99
167            android:exported="true"
167-->[androidx.test:core:1.5.0] AndroidManifest.xml:29:13-36
168            android:theme="@style/WhiteBackgroundTheme" >
168-->[androidx.test:core:1.5.0] AndroidManifest.xml:30:13-56
169            <intent-filter android:priority="-100" >
169-->[androidx.test:core:1.5.0] AndroidManifest.xml:31:13-33:29
169-->[androidx.test:core:1.5.0] AndroidManifest.xml:31:28-51
170                <category android:name="android.intent.category.LAUNCHER" />
170-->src\main\AndroidManifest.xml:73:17-77
170-->src\main\AndroidManifest.xml:73:27-74
171            </intent-filter>
172        </activity>
173        <activity
173-->[androidx.test:core:1.5.0] AndroidManifest.xml:35:9-42:20
174            android:name="androidx.test.core.app.InstrumentationActivityInvoker$EmptyActivity"
174-->[androidx.test:core:1.5.0] AndroidManifest.xml:36:13-95
175            android:exported="true"
175-->[androidx.test:core:1.5.0] AndroidManifest.xml:37:13-36
176            android:theme="@style/WhiteBackgroundTheme" >
176-->[androidx.test:core:1.5.0] AndroidManifest.xml:38:13-56
177            <intent-filter android:priority="-100" >
177-->[androidx.test:core:1.5.0] AndroidManifest.xml:31:13-33:29
177-->[androidx.test:core:1.5.0] AndroidManifest.xml:31:28-51
178                <category android:name="android.intent.category.LAUNCHER" />
178-->src\main\AndroidManifest.xml:73:17-77
178-->src\main\AndroidManifest.xml:73:27-74
179            </intent-filter>
180        </activity>
181        <activity
181-->[androidx.test:core:1.5.0] AndroidManifest.xml:43:9-50:20
182            android:name="androidx.test.core.app.InstrumentationActivityInvoker$EmptyFloatingActivity"
182-->[androidx.test:core:1.5.0] AndroidManifest.xml:44:13-103
183            android:exported="true"
183-->[androidx.test:core:1.5.0] AndroidManifest.xml:45:13-36
184            android:theme="@style/WhiteBackgroundDialogTheme" >
184-->[androidx.test:core:1.5.0] AndroidManifest.xml:46:13-62
185            <intent-filter android:priority="-100" >
185-->[androidx.test:core:1.5.0] AndroidManifest.xml:31:13-33:29
185-->[androidx.test:core:1.5.0] AndroidManifest.xml:31:28-51
186                <category android:name="android.intent.category.LAUNCHER" />
186-->src\main\AndroidManifest.xml:73:17-77
186-->src\main\AndroidManifest.xml:73:27-74
187            </intent-filter>
188        </activity>
189
190        <service
190-->[com.google.android.datatransport:transport-backend-cct:2.3.3] AndroidManifest.xml:29:9-35:19
191            android:name="com.google.android.datatransport.runtime.backends.TransportBackendDiscovery"
191-->[com.google.android.datatransport:transport-backend-cct:2.3.3] AndroidManifest.xml:30:13-103
192            android:exported="false" >
192-->[com.google.android.datatransport:transport-backend-cct:2.3.3] AndroidManifest.xml:31:13-37
193            <meta-data
193-->[com.google.android.datatransport:transport-backend-cct:2.3.3] AndroidManifest.xml:32:13-34:39
194                android:name="backend:com.google.android.datatransport.cct.CctBackendFactory"
194-->[com.google.android.datatransport:transport-backend-cct:2.3.3] AndroidManifest.xml:33:17-94
195                android:value="cct" />
195-->[com.google.android.datatransport:transport-backend-cct:2.3.3] AndroidManifest.xml:34:17-36
196        </service>
197        <service
197-->[com.google.android.datatransport:transport-runtime:2.2.6] AndroidManifest.xml:26:9-30:19
198            android:name="com.google.android.datatransport.runtime.scheduling.jobscheduling.JobInfoSchedulerService"
198-->[com.google.android.datatransport:transport-runtime:2.2.6] AndroidManifest.xml:27:13-117
199            android:exported="false"
199-->[com.google.android.datatransport:transport-runtime:2.2.6] AndroidManifest.xml:28:13-37
200            android:permission="android.permission.BIND_JOB_SERVICE" >
200-->[com.google.android.datatransport:transport-runtime:2.2.6] AndroidManifest.xml:29:13-69
201        </service>
202
203        <receiver
203-->[com.google.android.datatransport:transport-runtime:2.2.6] AndroidManifest.xml:32:9-34:40
204            android:name="com.google.android.datatransport.runtime.scheduling.jobscheduling.AlarmManagerSchedulerBroadcastReceiver"
204-->[com.google.android.datatransport:transport-runtime:2.2.6] AndroidManifest.xml:33:13-132
205            android:exported="false" />
205-->[com.google.android.datatransport:transport-runtime:2.2.6] AndroidManifest.xml:34:13-37
206    </application>
207
208</manifest>